{"/Users/mahirkadic/Documents/git/mobDev/expo-template/plugins/disableForcedDarkModeAndroid.js": {"path":"/Users/mahirkadic/Documents/git/mobDev/expo-template/plugins/disableForcedDarkModeAndroid.js","statementMap":{"0":{"start":{"line":10,"column":4},"end":{"line":10,"column":35}},"1":{"start":{"line":13,"column":2},"end":{"line":18,"column":5}},"2":{"start":{"line":20,"column":2},"end":{"line":20,"column":16}},"3":{"start":{"line":23,"column":41},"end":{"line":28,"column":1}},"4":{"start":{"line":24,"column":2},"end":{"line":27,"column":5}},"5":{"start":{"line":25,"column":4},"end":{"line":25,"column":67}},"6":{"start":{"line":26,"column":4},"end":{"line":26,"column":18}},"7":{"start":{"line":30,"column":0},"end":{"line":34,"column":2}}},"fnMap":{"0":{"name":"setForceDarkModeToFalse","decl":{"start":{"line":12,"column":9},"end":{"line":12,"column":32}},"loc":{"start":{"line":12,"column":41},"end":{"line":21,"column":1}},"line":12},"1":{"name":"(anonymous_1)","decl":{"start":{"line":23,"column":41},"end":{"line":23,"column":42}},"loc":{"start":{"line":23,"column":53},"end":{"line":28,"column":1}},"line":23},"2":{"name":"(anonymous_2)","decl":{"start":{"line":24,"column":35},"end":{"line":24,"column":36}},"loc":{"start":{"line":24,"column":47},"end":{"line":27,"column":3}},"line":24}},"branchMap":{},"s":{"0":0,"1":0,"2":0,"3":0,"4":0,"5":0,"6":0,"7":0},"f":{"0":0,"1":0,"2":0},"b":{}}
,"/Users/mahirkadic/Documents/git/mobDev/expo-template/src/components/EditScreenInfo.tsx": {"path":"/Users/mahirkadic/Documents/git/mobDev/expo-template/src/components/EditScreenInfo.tsx","statementMap":{"0":{"start":{"line":10,"column":4},"end":{"line":37,"column":6}},"1":{"start":{"line":41,"column":4},"end":{"line":49,"column":5}},"2":{"start":{"line":42,"column":8},"end":{"line":46,"column":11}},"3":{"start":{"line":45,"column":12},"end":{"line":45,"column":40}},"4":{"start":{"line":48,"column":8},"end":{"line":48,"column":27}},"5":{"start":{"line":50,"column":4},"end":{"line":50,"column":11}},"6":{"start":{"line":53,"column":15},"end":{"line":81,"column":2}}},"fnMap":{"0":{"name":"EditScreenInfo","decl":{"start":{"line":9,"column":24},"end":{"line":9,"column":38}},"loc":{"start":{"line":9,"column":67},"end":{"line":38,"column":1}},"line":9},"1":{"name":"handleHelpPress","decl":{"start":{"line":40,"column":9},"end":{"line":40,"column":24}},"loc":{"start":{"line":40,"column":27},"end":{"line":51,"column":1}},"line":40},"2":{"name":"(anonymous_2)","decl":{"start":{"line":44,"column":16},"end":{"line":44,"column":17}},"loc":{"start":{"line":44,"column":27},"end":{"line":46,"column":9}},"line":44}},"branchMap":{},"s":{"0":0,"1":0,"2":0,"3":0,"4":0,"5":0,"6":0},"f":{"0":0,"1":0,"2":0},"b":{}}
,"/Users/mahirkadic/Documents/git/mobDev/expo-template/src/components/StyledText.tsx": {"path":"/Users/mahirkadic/Documents/git/mobDev/expo-template/src/components/StyledText.tsx","statementMap":{"0":{"start":{"line":4,"column":4},"end":{"line":4,"column":83}}},"fnMap":{"0":{"name":"MonoText","decl":{"start":{"line":3,"column":16},"end":{"line":3,"column":24}},"loc":{"start":{"line":3,"column":43},"end":{"line":5,"column":1}},"line":3}},"branchMap":{},"s":{"0":1},"f":{"0":1},"b":{},"_coverageSchema":"1a1c01bbd47fc00a2c39e90264f33305004495a9","hash":"fa9f574ce00bbaf1b2f00401f303395d3f7071fa"}
,"/Users/mahirkadic/Documents/git/mobDev/expo-template/src/components/Themed.tsx": {"path":"/Users/mahirkadic/Documents/git/mobDev/expo-template/src/components/Themed.tsx","statementMap":{"0":{"start":{"line":14,"column":18},"end":{"line":14,"column":34}},"1":{"start":{"line":15,"column":27},"end":{"line":15,"column":39}},"2":{"start":{"line":17,"column":4},"end":{"line":21,"column":5}},"3":{"start":{"line":18,"column":8},"end":{"line":18,"column":30}},"4":{"start":{"line":20,"column":8},"end":{"line":20,"column":40}},"5":{"start":{"line":33,"column":60},"end":{"line":33,"column":65}},"6":{"start":{"line":34,"column":18},"end":{"line":34,"column":79}},"7":{"start":{"line":36,"column":4},"end":{"line":36,"column":70}},"8":{"start":{"line":40,"column":60},"end":{"line":40,"column":65}},"9":{"start":{"line":41,"column":28},"end":{"line":41,"column":95}},"10":{"start":{"line":43,"column":4},"end":{"line":43,"column":80}}},"fnMap":{"0":{"name":"useThemeColor","decl":{"start":{"line":10,"column":16},"end":{"line":10,"column":29}},"loc":{"start":{"line":13,"column":2},"end":{"line":22,"column":1}},"line":13},"1":{"name":"Text","decl":{"start":{"line":32,"column":16},"end":{"line":32,"column":20}},"loc":{"start":{"line":32,"column":39},"end":{"line":37,"column":1}},"line":32},"2":{"name":"View","decl":{"start":{"line":39,"column":16},"end":{"line":39,"column":20}},"loc":{"start":{"line":39,"column":39},"end":{"line":44,"column":1}},"line":39}},"branchMap":{"0":{"loc":{"start":{"line":17,"column":4},"end":{"line":21,"column":5}},"type":"if","locations":[{"start":{"line":17,"column":4},"end":{"line":21,"column":5}},{"start":{"line":19,"column":11},"end":{"line":21,"column":5}}],"line":17}},"s":{"0":1,"1":1,"2":1,"3":0,"4":1,"5":1,"6":1,"7":1,"8":0,"9":0,"10":0},"f":{"0":1,"1":1,"2":0},"b":{"0":[0,1]},"_coverageSchema":"1a1c01bbd47fc00a2c39e90264f33305004495a9","hash":"f1d015a426dfed66a6ec7f373142b4954e4c8afc"}
,"/Users/mahirkadic/Documents/git/mobDev/expo-template/src/constants/Colors.ts": {"path":"/Users/mahirkadic/Documents/git/mobDev/expo-template/src/constants/Colors.ts","statementMap":{"0":{"start":{"line":1,"column":23},"end":{"line":1,"column":32}},"1":{"start":{"line":2,"column":22},"end":{"line":2,"column":28}}},"fnMap":{},"branchMap":{},"s":{"0":1,"1":1},"f":{},"b":{},"_coverageSchema":"1a1c01bbd47fc00a2c39e90264f33305004495a9","hash":"846417f42835050afa725619cb74e9493e5f96a3"}
,"/Users/mahirkadic/Documents/git/mobDev/expo-template/src/constants/Layout.ts": {"path":"/Users/mahirkadic/Documents/git/mobDev/expo-template/src/constants/Layout.ts","statementMap":{"0":{"start":{"line":3,"column":14},"end":{"line":3,"column":44}},"1":{"start":{"line":4,"column":15},"end":{"line":4,"column":46}}},"fnMap":{},"branchMap":{},"s":{"0":0,"1":0},"f":{},"b":{}}
,"/Users/mahirkadic/Documents/git/mobDev/expo-template/src/helpers/axiosService.ts": {"path":"/Users/mahirkadic/Documents/git/mobDev/expo-template/src/helpers/axiosService.ts","statementMap":{},"fnMap":{},"branchMap":{},"s":{},"f":{},"b":{}}
,"/Users/mahirkadic/Documents/git/mobDev/expo-template/src/hooks/useCachedResources.ts": {"path":"/Users/mahirkadic/Documents/git/mobDev/expo-template/src/hooks/useCachedResources.ts","statementMap":{"0":{"start":{"line":7,"column":52},"end":{"line":7,"column":67}},"1":{"start":{"line":10,"column":4},"end":{"line":33,"column":11}},"2":{"start":{"line":12,"column":12},"end":{"line":27,"column":13}},"3":{"start":{"line":13,"column":16},"end":{"line":13,"column":58}},"4":{"start":{"line":16,"column":16},"end":{"line":20,"column":19}},"5":{"start":{"line":23,"column":16},"end":{"line":23,"column":32}},"6":{"start":{"line":25,"column":16},"end":{"line":25,"column":41}},"7":{"start":{"line":26,"column":16},"end":{"line":26,"column":47}},"8":{"start":{"line":30,"column":8},"end":{"line":32,"column":11}},"9":{"start":{"line":31,"column":12},"end":{"line":31,"column":28}},"10":{"start":{"line":35,"column":4},"end":{"line":35,"column":29}}},"fnMap":{"0":{"name":"useCachedResources","decl":{"start":{"line":6,"column":24},"end":{"line":6,"column":42}},"loc":{"start":{"line":6,"column":45},"end":{"line":36,"column":1}},"line":6},"1":{"name":"(anonymous_1)","decl":{"start":{"line":10,"column":14},"end":{"line":10,"column":15}},"loc":{"start":{"line":10,"column":20},"end":{"line":33,"column":5}},"line":10},"2":{"name":"loadResourcesAndDataAsync","decl":{"start":{"line":11,"column":23},"end":{"line":11,"column":48}},"loc":{"start":{"line":11,"column":51},"end":{"line":28,"column":9}},"line":11},"3":{"name":"(anonymous_3)","decl":{"start":{"line":30,"column":42},"end":{"line":30,"column":43}},"loc":{"start":{"line":30,"column":49},"end":{"line":32,"column":9}},"line":30}},"branchMap":{},"s":{"0":0,"1":0,"2":0,"3":0,"4":0,"5":0,"6":0,"7":0,"8":0,"9":0,"10":0},"f":{"0":0,"1":0,"2":0,"3":0},"b":{}}
,"/Users/mahirkadic/Documents/git/mobDev/expo-template/src/hooks/useColorScheme.ts": {"path":"/Users/mahirkadic/Documents/git/mobDev/expo-template/src/hooks/useColorScheme.ts","statementMap":{"0":{"start":{"line":7,"column":4},"end":{"line":7,"column":61}}},"fnMap":{"0":{"name":"useColorScheme","decl":{"start":{"line":6,"column":24},"end":{"line":6,"column":38}},"loc":{"start":{"line":6,"column":71},"end":{"line":8,"column":1}},"line":6}},"branchMap":{},"s":{"0":1},"f":{"0":1},"b":{},"_coverageSchema":"1a1c01bbd47fc00a2c39e90264f33305004495a9","hash":"fec43a4fbf7f706463b689d3b303b30067e82d65"}
,"/Users/mahirkadic/Documents/git/mobDev/expo-template/src/navigation/LinkingConfiguration.ts": {"path":"/Users/mahirkadic/Documents/git/mobDev/expo-template/src/navigation/LinkingConfiguration.ts","statementMap":{"0":{"start":{"line":11,"column":52},"end":{"line":33,"column":1}}},"fnMap":{},"branchMap":{},"s":{"0":0},"f":{},"b":{}}
,"/Users/mahirkadic/Documents/git/mobDev/expo-template/src/navigation/index.tsx": {"path":"/Users/mahirkadic/Documents/git/mobDev/expo-template/src/navigation/index.tsx","statementMap":{"0":{"start":{"line":24,"column":4},"end":{"line":28,"column":6}},"1":{"start":{"line":35,"column":14},"end":{"line":35,"column":62}},"2":{"start":{"line":38,"column":4},"end":{"line":46,"column":6}},"3":{"start":{"line":53,"column":18},"end":{"line":53,"column":62}},"4":{"start":{"line":56,"column":24},"end":{"line":56,"column":40}},"5":{"start":{"line":58,"column":4},"end":{"line":95,"column":6}},"6":{"start":{"line":67,"column":76},"end":{"line":84,"column":17}},"7":{"start":{"line":69,"column":47},"end":{"line":69,"column":87}},"8":{"start":{"line":71,"column":24},"end":{"line":82,"column":36}},"9":{"start":{"line":72,"column":43},"end":{"line":72,"column":71}},"10":{"start":{"line":73,"column":53},"end":{"line":75,"column":29}},"11":{"start":{"line":91,"column":47},"end":{"line":91,"column":87}},"12":{"start":{"line":102,"column":4},"end":{"line":102,"column":77}}},"fnMap":{"0":{"name":"Navigation","decl":{"start":{"line":23,"column":24},"end":{"line":23,"column":34}},"loc":{"start":{"line":23,"column":86},"end":{"line":29,"column":1}},"line":23},"1":{"name":"RootNavigator","decl":{"start":{"line":37,"column":9},"end":{"line":37,"column":22}},"loc":{"start":{"line":37,"column":25},"end":{"line":47,"column":1}},"line":37},"2":{"name":"BottomTabNavigator","decl":{"start":{"line":55,"column":9},"end":{"line":55,"column":27}},"loc":{"start":{"line":55,"column":30},"end":{"line":96,"column":1}},"line":55},"3":{"name":"(anonymous_3)","decl":{"start":{"line":67,"column":25},"end":{"line":67,"column":26}},"loc":{"start":{"line":67,"column":76},"end":{"line":84,"column":17}},"line":67},"4":{"name":"(anonymous_4)","decl":{"start":{"line":69,"column":32},"end":{"line":69,"column":33}},"loc":{"start":{"line":69,"column":47},"end":{"line":69,"column":87}},"line":69},"5":{"name":"(anonymous_5)","decl":{"start":{"line":70,"column":33},"end":{"line":70,"column":34}},"loc":{"start":{"line":71,"column":24},"end":{"line":82,"column":36}},"line":71},"6":{"name":"(anonymous_6)","decl":{"start":{"line":72,"column":37},"end":{"line":72,"column":38}},"loc":{"start":{"line":72,"column":43},"end":{"line":72,"column":71}},"line":72},"7":{"name":"(anonymous_7)","decl":{"start":{"line":73,"column":35},"end":{"line":73,"column":36}},"loc":{"start":{"line":73,"column":53},"end":{"line":75,"column":29}},"line":73},"8":{"name":"(anonymous_8)","decl":{"start":{"line":91,"column":32},"end":{"line":91,"column":33}},"loc":{"start":{"line":91,"column":47},"end":{"line":91,"column":87}},"line":91},"9":{"name":"TabBarIcon","decl":{"start":{"line":101,"column":9},"end":{"line":101,"column":19}},"loc":{"start":{"line":101,"column":102},"end":{"line":103,"column":1}},"line":101}},"branchMap":{"0":{"loc":{"start":{"line":25,"column":67},"end":{"line":25,"column":116}},"type":"cond-expr","locations":[{"start":{"line":25,"column":92},"end":{"line":25,"column":101}},{"start":{"line":25,"column":104},"end":{"line":25,"column":116}}],"line":25},"1":{"loc":{"start":{"line":74,"column":41},"end":{"line":74,"column":58}},"type":"cond-expr","locations":[{"start":{"line":74,"column":51},"end":{"line":74,"column":54}},{"start":{"line":74,"column":57},"end":{"line":74,"column":58}}],"line":74}},"s":{"0":0,"1":0,"2":0,"3":0,"4":0,"5":0,"6":0,"7":0,"8":0,"9":0,"10":0,"11":0,"12":0},"f":{"0":0,"1":0,"2":0,"3":0,"4":0,"5":0,"6":0,"7":0,"8":0,"9":0},"b":{"0":[0,0],"1":[0,0]}}
,"/Users/mahirkadic/Documents/git/mobDev/expo-template/src/navigation/types.tsx": {"path":"/Users/mahirkadic/Documents/git/mobDev/expo-template/src/navigation/types.tsx","statementMap":{},"fnMap":{},"branchMap":{},"s":{},"f":{},"b":{}}
,"/Users/mahirkadic/Documents/git/mobDev/expo-template/src/screens/ModalScreen.tsx": {"path":"/Users/mahirkadic/Documents/git/mobDev/expo-template/src/screens/ModalScreen.tsx","statementMap":{"0":{"start":{"line":8,"column":4},"end":{"line":17,"column":6}},"1":{"start":{"line":20,"column":15},"end":{"line":35,"column":2}}},"fnMap":{"0":{"name":"ModalScreen","decl":{"start":{"line":7,"column":24},"end":{"line":7,"column":35}},"loc":{"start":{"line":7,"column":38},"end":{"line":18,"column":1}},"line":7}},"branchMap":{"0":{"loc":{"start":{"line":15,"column":30},"end":{"line":15,"column":70}},"type":"cond-expr","locations":[{"start":{"line":15,"column":54},"end":{"line":15,"column":61}},{"start":{"line":15,"column":64},"end":{"line":15,"column":70}}],"line":15}},"s":{"0":0,"1":0},"f":{"0":0},"b":{"0":[0,0]}}
,"/Users/mahirkadic/Documents/git/mobDev/expo-template/src/screens/NotFoundScreen.tsx": {"path":"/Users/mahirkadic/Documents/git/mobDev/expo-template/src/screens/NotFoundScreen.tsx","statementMap":{"0":{"start":{"line":7,"column":4},"end":{"line":14,"column":6}},"1":{"start":{"line":10,"column":45},"end":{"line":10,"column":71}},"2":{"start":{"line":17,"column":15},"end":{"line":36,"column":2}}},"fnMap":{"0":{"name":"NotFoundScreen","decl":{"start":{"line":6,"column":24},"end":{"line":6,"column":38}},"loc":{"start":{"line":6,"column":89},"end":{"line":15,"column":1}},"line":6},"1":{"name":"(anonymous_1)","decl":{"start":{"line":10,"column":39},"end":{"line":10,"column":40}},"loc":{"start":{"line":10,"column":45},"end":{"line":10,"column":71}},"line":10}},"branchMap":{},"s":{"0":0,"1":0,"2":0},"f":{"0":0,"1":0},"b":{}}
,"/Users/mahirkadic/Documents/git/mobDev/expo-template/src/screens/TabOneScreen.tsx": {"path":"/Users/mahirkadic/Documents/git/mobDev/expo-template/src/screens/TabOneScreen.tsx","statementMap":{"0":{"start":{"line":8,"column":4},"end":{"line":8,"column":15}},"1":{"start":{"line":9,"column":4},"end":{"line":15,"column":6}},"2":{"start":{"line":18,"column":15},"end":{"line":33,"column":2}}},"fnMap":{"0":{"name":"TabOneScreen","decl":{"start":{"line":7,"column":24},"end":{"line":7,"column":36}},"loc":{"start":{"line":7,"column":83},"end":{"line":16,"column":1}},"line":7}},"branchMap":{},"s":{"0":0,"1":0,"2":0},"f":{"0":0},"b":{}}
,"/Users/mahirkadic/Documents/git/mobDev/expo-template/src/screens/TabTwoScreen.tsx": {"path":"/Users/mahirkadic/Documents/git/mobDev/expo-template/src/screens/TabTwoScreen.tsx","statementMap":{"0":{"start":{"line":7,"column":4},"end":{"line":13,"column":6}},"1":{"start":{"line":16,"column":15},"end":{"line":31,"column":2}}},"fnMap":{"0":{"name":"TabTwoScreen","decl":{"start":{"line":6,"column":24},"end":{"line":6,"column":36}},"loc":{"start":{"line":6,"column":39},"end":{"line":14,"column":1}},"line":6}},"branchMap":{},"s":{"0":0,"1":0},"f":{"0":0},"b":{}}
,"/Users/mahirkadic/Documents/git/mobDev/expo-template/src/store/hooks.ts": {"path":"/Users/mahirkadic/Documents/git/mobDev/expo-template/src/store/hooks.ts","statementMap":{"0":{"start":{"line":6,"column":30},"end":{"line":6,"column":62}},"1":{"start":{"line":6,"column":36},"end":{"line":6,"column":62}},"2":{"start":{"line":7,"column":63},"end":{"line":7,"column":74}}},"fnMap":{"0":{"name":"(anonymous_0)","decl":{"start":{"line":6,"column":30},"end":{"line":6,"column":31}},"loc":{"start":{"line":6,"column":36},"end":{"line":6,"column":62}},"line":6}},"branchMap":{},"s":{"0":0,"1":0,"2":0},"f":{"0":0},"b":{}}
,"/Users/mahirkadic/Documents/git/mobDev/expo-template/src/store/index.ts": {"path":"/Users/mahirkadic/Documents/git/mobDev/expo-template/src/store/index.ts","statementMap":{"0":{"start":{"line":10,"column":16},"end":{"line":10,"column":37}},"1":{"start":{"line":12,"column":22},"end":{"line":16,"column":1}},"2":{"start":{"line":18,"column":25},"end":{"line":18,"column":78}},"3":{"start":{"line":21,"column":26},"end":{"line":21,"column":28}},"4":{"start":{"line":22,"column":0},"end":{"line":24,"column":1}},"5":{"start":{"line":23,"column":4},"end":{"line":23,"column":38}},"6":{"start":{"line":26,"column":14},"end":{"line":34,"column":2}},"7":{"start":{"line":29,"column":8},"end":{"line":33,"column":29}},"8":{"start":{"line":37,"column":25},"end":{"line":37,"column":44}}},"fnMap":{"0":{"name":"(anonymous_0)","decl":{"start":{"line":28,"column":16},"end":{"line":28,"column":17}},"loc":{"start":{"line":29,"column":8},"end":{"line":33,"column":29}},"line":29}},"branchMap":{"0":{"loc":{"start":{"line":22,"column":0},"end":{"line":24,"column":1}},"type":"if","locations":[{"start":{"line":22,"column":0},"end":{"line":24,"column":1}},{"start":{},"end":{}}],"line":22}},"s":{"0":0,"1":0,"2":0,"3":0,"4":0,"5":0,"6":0,"7":0,"8":0},"f":{"0":0},"b":{"0":[0,0]}}
,"/Users/mahirkadic/Documents/git/mobDev/expo-template/src/store/reducers.ts": {"path":"/Users/mahirkadic/Documents/git/mobDev/expo-template/src/store/reducers.ts","statementMap":{"0":{"start":{"line":5,"column":20},"end":{"line":7,"column":2}}},"fnMap":{},"branchMap":{},"s":{"0":0},"f":{},"b":{}}
,"/Users/mahirkadic/Documents/git/mobDev/expo-template/src/store/configureStore/index.ts": {"path":"/Users/mahirkadic/Documents/git/mobDev/expo-template/src/store/configureStore/index.ts","statementMap":{},"fnMap":{},"branchMap":{},"s":{},"f":{},"b":{}}
,"/Users/mahirkadic/Documents/git/mobDev/expo-template/src/store/createSecureStorage/index.ts": {"path":"/Users/mahirkadic/Documents/git/mobDev/expo-template/src/store/createSecureStorage/index.ts","statementMap":{"0":{"start":{"line":8,"column":24},"end":{"line":10,"column":1}},"1":{"start":{"line":9,"column":4},"end":{"line":9,"column":60}},"2":{"start":{"line":12,"column":28},"end":{"line":26,"column":1}},"3":{"start":{"line":17,"column":29},"end":{"line":17,"column":60}},"4":{"start":{"line":18,"column":21},"end":{"line":18,"column":56}},"5":{"start":{"line":20,"column":4},"end":{"line":25,"column":6}},"6":{"start":{"line":21,"column":34},"end":{"line":21,"column":100}},"7":{"start":{"line":23,"column":12},"end":{"line":23,"column":85}},"8":{"start":{"line":24,"column":37},"end":{"line":24,"column":106}}},"fnMap":{"0":{"name":"(anonymous_0)","decl":{"start":{"line":8,"column":24},"end":{"line":8,"column":25}},"loc":{"start":{"line":8,"column":67},"end":{"line":10,"column":1}},"line":8},"1":{"name":"(anonymous_1)","decl":{"start":{"line":12,"column":28},"end":{"line":12,"column":29}},"loc":{"start":{"line":16,"column":5},"end":{"line":26,"column":1}},"line":16},"2":{"name":"(anonymous_2)","decl":{"start":{"line":21,"column":17},"end":{"line":21,"column":18}},"loc":{"start":{"line":21,"column":34},"end":{"line":21,"column":100}},"line":21},"3":{"name":"(anonymous_3)","decl":{"start":{"line":22,"column":17},"end":{"line":22,"column":18}},"loc":{"start":{"line":23,"column":12},"end":{"line":23,"column":85}},"line":23},"4":{"name":"(anonymous_4)","decl":{"start":{"line":24,"column":20},"end":{"line":24,"column":21}},"loc":{"start":{"line":24,"column":37},"end":{"line":24,"column":106}},"line":24}},"branchMap":{"0":{"loc":{"start":{"line":13,"column":4},"end":{"line":15,"column":5}},"type":"default-arg","locations":[{"start":{"line":13,"column":44},"end":{"line":15,"column":5}}],"line":13},"1":{"loc":{"start":{"line":17,"column":29},"end":{"line":17,"column":60}},"type":"binary-expr","locations":[{"start":{"line":17,"column":29},"end":{"line":17,"column":53}},{"start":{"line":17,"column":57},"end":{"line":17,"column":60}}],"line":17},"2":{"loc":{"start":{"line":18,"column":21},"end":{"line":18,"column":56}},"type":"binary-expr","locations":[{"start":{"line":18,"column":21},"end":{"line":18,"column":37}},{"start":{"line":18,"column":41},"end":{"line":18,"column":56}}],"line":18}},"s":{"0":0,"1":0,"2":0,"3":0,"4":0,"5":0,"6":0,"7":0,"8":0},"f":{"0":0,"1":0,"2":0,"3":0,"4":0},"b":{"0":[0],"1":[0,0],"2":[0,0]}}
,"/Users/mahirkadic/Documents/git/mobDev/expo-template/src/store/theme/slice.ts": {"path":"/Users/mahirkadic/Documents/git/mobDev/expo-template/src/store/theme/slice.ts","statementMap":{"0":{"start":{"line":5,"column":21},"end":{"line":5,"column":37}},"1":{"start":{"line":7,"column":26},"end":{"line":14,"column":2}},"2":{"start":{"line":11,"column":60},"end":{"line":11,"column":67}},"3":{"start":{"line":12,"column":21},"end":{"line":12,"column":33}},"4":{"start":{"line":16,"column":35},"end":{"line":16,"column":53}}},"fnMap":{"0":{"name":"(anonymous_0)","decl":{"start":{"line":11,"column":18},"end":{"line":11,"column":19}},"loc":{"start":{"line":11,"column":60},"end":{"line":11,"column":67}},"line":11},"1":{"name":"(anonymous_1)","decl":{"start":{"line":12,"column":15},"end":{"line":12,"column":16}},"loc":{"start":{"line":12,"column":21},"end":{"line":12,"column":33}},"line":12}},"branchMap":{},"s":{"0":0,"1":0,"2":0,"3":0,"4":0},"f":{"0":0,"1":0},"b":{}}
}
