{"/Users/mahirkadic/Documents/git/mobDev/expo-template/src/components/EditScreenInfo.tsx": {"path":"/Users/mahirkadic/Documents/git/mobDev/expo-template/src/components/EditScreenInfo.tsx","statementMap":{"0":{"start":{"line":9,"column":4},"end":{"line":36,"column":6}},"1":{"start":{"line":40,"column":4},"end":{"line":46,"column":5}},"2":{"start":{"line":41,"column":8},"end":{"line":43,"column":26}},"3":{"start":{"line":45,"column":8},"end":{"line":45,"column":27}},"4":{"start":{"line":47,"column":4},"end":{"line":47,"column":11}},"5":{"start":{"line":50,"column":15},"end":{"line":78,"column":2}}},"fnMap":{"0":{"name":"EditScreenInfo","decl":{"start":{"line":8,"column":24},"end":{"line":8,"column":38}},"loc":{"start":{"line":8,"column":67},"end":{"line":37,"column":1}},"line":8},"1":{"name":"handleHelpPress","decl":{"start":{"line":39,"column":9},"end":{"line":39,"column":24}},"loc":{"start":{"line":39,"column":27},"end":{"line":48,"column":1}},"line":39},"2":{"name":"(anonymous_2)","decl":{"start":{"line":43,"column":16},"end":{"line":43,"column":17}},"loc":{"start":{"line":43,"column":22},"end":{"line":43,"column":24}},"line":43}},"branchMap":{},"s":{"0":0,"1":0,"2":0,"3":0,"4":0,"5":0},"f":{"0":0,"1":0,"2":0},"b":{}}
,"/Users/mahirkadic/Documents/git/mobDev/expo-template/src/components/StyledText.tsx": {"path":"/Users/mahirkadic/Documents/git/mobDev/expo-template/src/components/StyledText.tsx","statementMap":{"0":{"start":{"line":4,"column":4},"end":{"line":4,"column":83}}},"fnMap":{"0":{"name":"MonoText","decl":{"start":{"line":3,"column":16},"end":{"line":3,"column":24}},"loc":{"start":{"line":3,"column":43},"end":{"line":5,"column":1}},"line":3}},"branchMap":{},"s":{"0":1},"f":{"0":1},"b":{},"_coverageSchema":"1a1c01bbd47fc00a2c39e90264f33305004495a9","hash":"fa9f574ce00bbaf1b2f00401f303395d3f7071fa"}
,"/Users/mahirkadic/Documents/git/mobDev/expo-template/src/components/Themed.tsx": {"path":"/Users/mahirkadic/Documents/git/mobDev/expo-template/src/components/Themed.tsx","statementMap":{"0":{"start":{"line":15,"column":18},"end":{"line":15,"column":34}},"1":{"start":{"line":16,"column":27},"end":{"line":16,"column":39}},"2":{"start":{"line":18,"column":4},"end":{"line":22,"column":5}},"3":{"start":{"line":19,"column":8},"end":{"line":19,"column":30}},"4":{"start":{"line":21,"column":8},"end":{"line":21,"column":40}},"5":{"start":{"line":34,"column":60},"end":{"line":34,"column":65}},"6":{"start":{"line":35,"column":18},"end":{"line":35,"column":79}},"7":{"start":{"line":37,"column":4},"end":{"line":37,"column":70}},"8":{"start":{"line":41,"column":60},"end":{"line":41,"column":65}},"9":{"start":{"line":42,"column":28},"end":{"line":42,"column":95}},"10":{"start":{"line":44,"column":4},"end":{"line":44,"column":80}}},"fnMap":{"0":{"name":"useThemeColor","decl":{"start":{"line":11,"column":16},"end":{"line":11,"column":29}},"loc":{"start":{"line":14,"column":2},"end":{"line":23,"column":1}},"line":14},"1":{"name":"Text","decl":{"start":{"line":33,"column":16},"end":{"line":33,"column":20}},"loc":{"start":{"line":33,"column":39},"end":{"line":38,"column":1}},"line":33},"2":{"name":"View","decl":{"start":{"line":40,"column":16},"end":{"line":40,"column":20}},"loc":{"start":{"line":40,"column":39},"end":{"line":45,"column":1}},"line":40}},"branchMap":{"0":{"loc":{"start":{"line":18,"column":4},"end":{"line":22,"column":5}},"type":"if","locations":[{"start":{"line":18,"column":4},"end":{"line":22,"column":5}},{"start":{"line":20,"column":11},"end":{"line":22,"column":5}}],"line":18}},"s":{"0":1,"1":1,"2":1,"3":0,"4":1,"5":1,"6":1,"7":1,"8":0,"9":0,"10":0},"f":{"0":1,"1":1,"2":0},"b":{"0":[0,1]},"_coverageSchema":"1a1c01bbd47fc00a2c39e90264f33305004495a9","hash":"7341072ade11e8d4c77ab98b58089f5cf6b2afe3"}
,"/Users/mahirkadic/Documents/git/mobDev/expo-template/src/constants/Colors.ts": {"path":"/Users/mahirkadic/Documents/git/mobDev/expo-template/src/constants/Colors.ts","statementMap":{"0":{"start":{"line":1,"column":23},"end":{"line":1,"column":32}},"1":{"start":{"line":2,"column":22},"end":{"line":2,"column":28}}},"fnMap":{},"branchMap":{},"s":{"0":1,"1":1},"f":{},"b":{},"_coverageSchema":"1a1c01bbd47fc00a2c39e90264f33305004495a9","hash":"846417f42835050afa725619cb74e9493e5f96a3"}
,"/Users/mahirkadic/Documents/git/mobDev/expo-template/src/constants/Layout.ts": {"path":"/Users/mahirkadic/Documents/git/mobDev/expo-template/src/constants/Layout.ts","statementMap":{"0":{"start":{"line":3,"column":14},"end":{"line":3,"column":44}},"1":{"start":{"line":4,"column":15},"end":{"line":4,"column":46}}},"fnMap":{},"branchMap":{},"s":{"0":0,"1":0},"f":{},"b":{}}
,"/Users/mahirkadic/Documents/git/mobDev/expo-template/src/hooks/useCachedResources.ts": {"path":"/Users/mahirkadic/Documents/git/mobDev/expo-template/src/hooks/useCachedResources.ts","statementMap":{"0":{"start":{"line":7,"column":52},"end":{"line":7,"column":67}},"1":{"start":{"line":10,"column":4},"end":{"line":33,"column":11}},"2":{"start":{"line":12,"column":12},"end":{"line":27,"column":13}},"3":{"start":{"line":13,"column":16},"end":{"line":13,"column":58}},"4":{"start":{"line":16,"column":16},"end":{"line":20,"column":19}},"5":{"start":{"line":23,"column":16},"end":{"line":23,"column":32}},"6":{"start":{"line":25,"column":16},"end":{"line":25,"column":41}},"7":{"start":{"line":26,"column":16},"end":{"line":26,"column":47}},"8":{"start":{"line":30,"column":8},"end":{"line":32,"column":11}},"9":{"start":{"line":31,"column":12},"end":{"line":31,"column":28}},"10":{"start":{"line":35,"column":4},"end":{"line":35,"column":29}}},"fnMap":{"0":{"name":"useCachedResources","decl":{"start":{"line":6,"column":24},"end":{"line":6,"column":42}},"loc":{"start":{"line":6,"column":45},"end":{"line":36,"column":1}},"line":6},"1":{"name":"(anonymous_1)","decl":{"start":{"line":10,"column":14},"end":{"line":10,"column":15}},"loc":{"start":{"line":10,"column":20},"end":{"line":33,"column":5}},"line":10},"2":{"name":"loadResourcesAndDataAsync","decl":{"start":{"line":11,"column":23},"end":{"line":11,"column":48}},"loc":{"start":{"line":11,"column":51},"end":{"line":28,"column":9}},"line":11},"3":{"name":"(anonymous_3)","decl":{"start":{"line":30,"column":42},"end":{"line":30,"column":43}},"loc":{"start":{"line":30,"column":49},"end":{"line":32,"column":9}},"line":30}},"branchMap":{},"s":{"0":0,"1":0,"2":0,"3":0,"4":0,"5":0,"6":0,"7":0,"8":0,"9":0,"10":0},"f":{"0":0,"1":0,"2":0,"3":0},"b":{}}
,"/Users/mahirkadic/Documents/git/mobDev/expo-template/src/hooks/useColorScheme.ts": {"path":"/Users/mahirkadic/Documents/git/mobDev/expo-template/src/hooks/useColorScheme.ts","statementMap":{"0":{"start":{"line":7,"column":4},"end":{"line":7,"column":61}}},"fnMap":{"0":{"name":"useColorScheme","decl":{"start":{"line":6,"column":24},"end":{"line":6,"column":38}},"loc":{"start":{"line":6,"column":71},"end":{"line":8,"column":1}},"line":6}},"branchMap":{},"s":{"0":1},"f":{"0":1},"b":{},"_coverageSchema":"1a1c01bbd47fc00a2c39e90264f33305004495a9","hash":"fec43a4fbf7f706463b689d3b303b30067e82d65"}
,"/Users/mahirkadic/Documents/git/mobDev/expo-template/src/navigation/LinkingConfiguration.ts": {"path":"/Users/mahirkadic/Documents/git/mobDev/expo-template/src/navigation/LinkingConfiguration.ts","statementMap":{"0":{"start":{"line":12,"column":52},"end":{"line":34,"column":1}}},"fnMap":{},"branchMap":{},"s":{"0":0},"f":{},"b":{}}
,"/Users/mahirkadic/Documents/git/mobDev/expo-template/src/navigation/index.tsx": {"path":"/Users/mahirkadic/Documents/git/mobDev/expo-template/src/navigation/index.tsx","statementMap":{"0":{"start":{"line":23,"column":4},"end":{"line":27,"column":6}},"1":{"start":{"line":34,"column":14},"end":{"line":34,"column":62}},"2":{"start":{"line":37,"column":4},"end":{"line":45,"column":6}},"3":{"start":{"line":52,"column":18},"end":{"line":52,"column":62}},"4":{"start":{"line":55,"column":24},"end":{"line":55,"column":40}},"5":{"start":{"line":57,"column":4},"end":{"line":94,"column":6}},"6":{"start":{"line":66,"column":76},"end":{"line":83,"column":17}},"7":{"start":{"line":68,"column":47},"end":{"line":68,"column":87}},"8":{"start":{"line":70,"column":24},"end":{"line":81,"column":36}},"9":{"start":{"line":71,"column":43},"end":{"line":71,"column":71}},"10":{"start":{"line":72,"column":53},"end":{"line":74,"column":29}},"11":{"start":{"line":90,"column":47},"end":{"line":90,"column":87}},"12":{"start":{"line":101,"column":4},"end":{"line":101,"column":77}}},"fnMap":{"0":{"name":"Navigation","decl":{"start":{"line":22,"column":24},"end":{"line":22,"column":34}},"loc":{"start":{"line":22,"column":86},"end":{"line":28,"column":1}},"line":22},"1":{"name":"RootNavigator","decl":{"start":{"line":36,"column":9},"end":{"line":36,"column":22}},"loc":{"start":{"line":36,"column":25},"end":{"line":46,"column":1}},"line":36},"2":{"name":"BottomTabNavigator","decl":{"start":{"line":54,"column":9},"end":{"line":54,"column":27}},"loc":{"start":{"line":54,"column":30},"end":{"line":95,"column":1}},"line":54},"3":{"name":"(anonymous_3)","decl":{"start":{"line":66,"column":25},"end":{"line":66,"column":26}},"loc":{"start":{"line":66,"column":76},"end":{"line":83,"column":17}},"line":66},"4":{"name":"(anonymous_4)","decl":{"start":{"line":68,"column":32},"end":{"line":68,"column":33}},"loc":{"start":{"line":68,"column":47},"end":{"line":68,"column":87}},"line":68},"5":{"name":"(anonymous_5)","decl":{"start":{"line":69,"column":33},"end":{"line":69,"column":34}},"loc":{"start":{"line":70,"column":24},"end":{"line":81,"column":36}},"line":70},"6":{"name":"(anonymous_6)","decl":{"start":{"line":71,"column":37},"end":{"line":71,"column":38}},"loc":{"start":{"line":71,"column":43},"end":{"line":71,"column":71}},"line":71},"7":{"name":"(anonymous_7)","decl":{"start":{"line":72,"column":35},"end":{"line":72,"column":36}},"loc":{"start":{"line":72,"column":53},"end":{"line":74,"column":29}},"line":72},"8":{"name":"(anonymous_8)","decl":{"start":{"line":90,"column":32},"end":{"line":90,"column":33}},"loc":{"start":{"line":90,"column":47},"end":{"line":90,"column":87}},"line":90},"9":{"name":"TabBarIcon","decl":{"start":{"line":100,"column":9},"end":{"line":100,"column":19}},"loc":{"start":{"line":100,"column":102},"end":{"line":102,"column":1}},"line":100}},"branchMap":{"0":{"loc":{"start":{"line":24,"column":67},"end":{"line":24,"column":116}},"type":"cond-expr","locations":[{"start":{"line":24,"column":92},"end":{"line":24,"column":101}},{"start":{"line":24,"column":104},"end":{"line":24,"column":116}}],"line":24},"1":{"loc":{"start":{"line":73,"column":41},"end":{"line":73,"column":58}},"type":"cond-expr","locations":[{"start":{"line":73,"column":51},"end":{"line":73,"column":54}},{"start":{"line":73,"column":57},"end":{"line":73,"column":58}}],"line":73}},"s":{"0":0,"1":0,"2":0,"3":0,"4":0,"5":0,"6":0,"7":0,"8":0,"9":0,"10":0,"11":0,"12":0},"f":{"0":0,"1":0,"2":0,"3":0,"4":0,"5":0,"6":0,"7":0,"8":0,"9":0},"b":{"0":[0,0],"1":[0,0]}}
,"/Users/mahirkadic/Documents/git/mobDev/expo-template/src/navigation/types.tsx": {"path":"/Users/mahirkadic/Documents/git/mobDev/expo-template/src/navigation/types.tsx","statementMap":{},"fnMap":{},"branchMap":{},"s":{},"f":{},"b":{}}
,"/Users/mahirkadic/Documents/git/mobDev/expo-template/src/screens/ModalScreen.tsx": {"path":"/Users/mahirkadic/Documents/git/mobDev/expo-template/src/screens/ModalScreen.tsx","statementMap":{"0":{"start":{"line":8,"column":4},"end":{"line":17,"column":6}},"1":{"start":{"line":20,"column":15},"end":{"line":35,"column":2}}},"fnMap":{"0":{"name":"ModalScreen","decl":{"start":{"line":7,"column":24},"end":{"line":7,"column":35}},"loc":{"start":{"line":7,"column":38},"end":{"line":18,"column":1}},"line":7}},"branchMap":{"0":{"loc":{"start":{"line":15,"column":30},"end":{"line":15,"column":70}},"type":"cond-expr","locations":[{"start":{"line":15,"column":54},"end":{"line":15,"column":61}},{"start":{"line":15,"column":64},"end":{"line":15,"column":70}}],"line":15}},"s":{"0":0,"1":0},"f":{"0":0},"b":{"0":[0,0]}}
,"/Users/mahirkadic/Documents/git/mobDev/expo-template/src/screens/NotFoundScreen.tsx": {"path":"/Users/mahirkadic/Documents/git/mobDev/expo-template/src/screens/NotFoundScreen.tsx","statementMap":{"0":{"start":{"line":7,"column":4},"end":{"line":14,"column":6}},"1":{"start":{"line":10,"column":45},"end":{"line":10,"column":71}},"2":{"start":{"line":17,"column":15},"end":{"line":36,"column":2}}},"fnMap":{"0":{"name":"NotFoundScreen","decl":{"start":{"line":6,"column":24},"end":{"line":6,"column":38}},"loc":{"start":{"line":6,"column":89},"end":{"line":15,"column":1}},"line":6},"1":{"name":"(anonymous_1)","decl":{"start":{"line":10,"column":39},"end":{"line":10,"column":40}},"loc":{"start":{"line":10,"column":45},"end":{"line":10,"column":71}},"line":10}},"branchMap":{},"s":{"0":0,"1":0,"2":0},"f":{"0":0,"1":0},"b":{}}
,"/Users/mahirkadic/Documents/git/mobDev/expo-template/src/screens/TabOneScreen.tsx": {"path":"/Users/mahirkadic/Documents/git/mobDev/expo-template/src/screens/TabOneScreen.tsx","statementMap":{"0":{"start":{"line":8,"column":4},"end":{"line":14,"column":6}},"1":{"start":{"line":17,"column":15},"end":{"line":32,"column":2}}},"fnMap":{"0":{"name":"TabOneScreen","decl":{"start":{"line":7,"column":24},"end":{"line":7,"column":36}},"loc":{"start":{"line":7,"column":83},"end":{"line":15,"column":1}},"line":7}},"branchMap":{},"s":{"0":0,"1":0},"f":{"0":0},"b":{}}
,"/Users/mahirkadic/Documents/git/mobDev/expo-template/src/screens/TabTwoScreen.tsx": {"path":"/Users/mahirkadic/Documents/git/mobDev/expo-template/src/screens/TabTwoScreen.tsx","statementMap":{"0":{"start":{"line":7,"column":4},"end":{"line":13,"column":6}},"1":{"start":{"line":16,"column":15},"end":{"line":31,"column":2}}},"fnMap":{"0":{"name":"TabTwoScreen","decl":{"start":{"line":6,"column":24},"end":{"line":6,"column":36}},"loc":{"start":{"line":6,"column":39},"end":{"line":14,"column":1}},"line":6}},"branchMap":{},"s":{"0":0,"1":0},"f":{"0":0},"b":{}}
}
